<?xml version="1.0" encoding="UTF-8"?>
<coverage generated="1662586224762" clover="3.2.0">
  <project timestamp="1662586224762" name="All files">
    <metrics statements="33" coveredstatements="26" conditionals="30" coveredconditionals="22" methods="7" coveredmethods="4" elements="70" coveredelements="52" complexity="0" loc="33" ncloc="33" packages="7" files="7" classes="7"/>
    <package name="components.JobCard">
      <metrics statements="7" coveredstatements="6" conditionals="12" coveredconditionals="11" methods="2" coveredmethods="1"/>
      <file name="index.tsx" path="C:\Users\usuario\Desktop\freelafinder\src\components\JobCard\index.tsx">
        <metrics statements="7" coveredstatements="6" conditionals="12" coveredconditionals="11" methods="2" coveredmethods="1"/>
        <line num="11" count="1" type="stmt"/>
        <line num="35" count="1" type="stmt"/>
        <line num="39" count="10" type="cond" truecount="2" falsecount="0"/>
        <line num="41" count="8" type="stmt"/>
        <line num="42" count="0" type="stmt"/>
        <line num="48" count="8" type="cond" truecount="4" falsecount="0"/>
        <line num="81" count="1" type="stmt"/>
      </file>
    </package>
    <package name="components.TagText">
      <metrics statements="3" coveredstatements="3" conditionals="2" coveredconditionals="2" methods="1" coveredmethods="1"/>
      <file name="index.tsx" path="C:\Users\usuario\Desktop\freelafinder\src\components\TagText\index.tsx">
        <metrics statements="3" coveredstatements="3" conditionals="2" coveredconditionals="2" methods="1" coveredmethods="1"/>
        <line num="11" count="1" type="stmt"/>
        <line num="12" count="4" type="cond" truecount="2" falsecount="0"/>
        <line num="13" count="3" type="stmt"/>
      </file>
    </package>
    <package name="components.Text">
      <metrics statements="14" coveredstatements="12" conditionals="12" coveredconditionals="9" methods="2" coveredmethods="2"/>
      <file name="index.tsx" path="C:\Users\usuario\Desktop\freelafinder\src\components\Text\index.tsx">
        <metrics statements="14" coveredstatements="12" conditionals="12" coveredconditionals="9" methods="2" coveredmethods="2"/>
        <line num="17" count="3" type="cond" truecount="1" falsecount="1"/>
        <line num="19" count="59" type="stmt"/>
        <line num="20" count="59" type="cond" truecount="8" falsecount="2"/>
        <line num="22" count="1" type="stmt"/>
        <line num="24" count="1" type="stmt"/>
        <line num="26" count="1" type="stmt"/>
        <line num="28" count="1" type="stmt"/>
        <line num="30" count="0" type="stmt"/>
        <line num="32" count="17" type="stmt"/>
        <line num="34" count="0" type="stmt"/>
        <line num="36" count="3" type="stmt"/>
        <line num="38" count="34" type="stmt"/>
        <line num="40" count="1" type="stmt"/>
        <line num="44" count="59" type="stmt"/>
      </file>
    </package>
    <package name="constants.MockData">
      <metrics statements="2" coveredstatements="2" conditionals="0" coveredconditionals="0" methods="0" coveredmethods="0"/>
      <file name="index.ts" path="C:\Users\usuario\Desktop\freelafinder\src\constants\MockData\index.ts">
        <metrics statements="2" coveredstatements="2" conditionals="0" coveredconditionals="0" methods="0" coveredmethods="0"/>
        <line num="3" count="1" type="stmt"/>
        <line num="30" count="1" type="stmt"/>
      </file>
    </package>
    <package name="constants.colors">
      <metrics statements="1" coveredstatements="1" conditionals="0" coveredconditionals="0" methods="0" coveredmethods="0"/>
      <file name="index.ts" path="C:\Users\usuario\Desktop\freelafinder\src\constants\colors\index.ts">
        <metrics statements="1" coveredstatements="1" conditionals="0" coveredconditionals="0" methods="0" coveredmethods="0"/>
        <line num="1" count="1" type="stmt"/>
      </file>
    </package>
    <package name="constants.topography">
      <metrics statements="1" coveredstatements="1" conditionals="0" coveredconditionals="0" methods="0" coveredmethods="0"/>
      <file name="index.ts" path="C:\Users\usuario\Desktop\freelafinder\src\constants\topography\index.ts">
        <metrics statements="1" coveredstatements="1" conditionals="0" coveredconditionals="0" methods="0" coveredmethods="0"/>
        <line num="1" count="3" type="stmt"/>
      </file>
    </package>
    <package name="navigations">
      <metrics statements="5" coveredstatements="1" conditionals="4" coveredconditionals="0" methods="2" coveredmethods="0"/>
      <file name="NavigationRef.tsx" path="C:\Users\usuario\Desktop\freelafinder\src\navigations\NavigationRef.tsx">
        <metrics statements="5" coveredstatements="1" conditionals="4" coveredconditionals="0" methods="2" coveredmethods="0"/>
        <line num="9" count="1" type="stmt"/>
        <line num="13" count="0" type="cond" truecount="0" falsecount="2"/>
        <line num="14" count="0" type="stmt"/>
        <line num="19" count="0" type="cond" truecount="0" falsecount="2"/>
        <line num="20" count="0" type="stmt"/>
      </file>
    </package>
  </project>
</coverage>
