{"C:\\Users\\usuario\\Desktop\\freelafinder\\src\\components\\JobCard\\index.tsx": {"path":"C:\\Users\\usuario\\Desktop\\freelafinder\\src\\components\\JobCard\\index.tsx","statementMap":{"0":{"start":{"line":11,"column":55},"end":{"line":11,"column":79}},"1":{"start":{"line":35,"column":16},"end":{"line":77,"column":1}},"2":{"start":{"line":39,"column":4},"end":{"line":39,"column":32}},"3":{"start":{"line":39,"column":21},"end":{"line":39,"column":32}},"4":{"start":{"line":41,"column":33},"end":{"line":45,"column":5}},"5":{"start":{"line":42,"column":8},"end":{"line":44,"column":10}},"6":{"start":{"line":48,"column":4},"end":{"line":76,"column":11}},"7":{"start":{"line":81,"column":22},"end":{"line":102,"column":2}}},"fnMap":{"0":{"name":"(anonymous_0)","decl":{"start":{"line":35,"column":16},"end":{"line":35,"column":17}},"loc":{"start":{"line":35,"column":56},"end":{"line":77,"column":1}},"line":35},"1":{"name":"(anonymous_1)","decl":{"start":{"line":41,"column":33},"end":{"line":41,"column":34}},"loc":{"start":{"line":41,"column":39},"end":{"line":45,"column":5}},"line":41}},"branchMap":{"0":{"loc":{"start":{"line":39,"column":4},"end":{"line":39,"column":32}},"type":"if","locations":[{"start":{"line":39,"column":4},"end":{"line":39,"column":32}},{"start":{},"end":{}}],"line":39},"1":{"loc":{"start":{"line":48,"column":80},"end":{"line":48,"column":121}},"type":"cond-expr","locations":[{"start":{"line":48,"column":93},"end":{"line":48,"column":99}},{"start":{"line":48,"column":102},"end":{"line":48,"column":121}}],"line":48},"2":{"loc":{"start":{"line":48,"column":134},"end":{"line":48,"column":153}},"type":"cond-expr","locations":[{"start":{"line":48,"column":147},"end":{"line":48,"column":149}},{"start":{"line":48,"column":152},"end":{"line":48,"column":153}}],"line":48},"3":{"loc":{"start":{"line":53,"column":59},"end":{"line":53,"column":108}},"type":"cond-expr","locations":[{"start":{"line":53,"column":84},"end":{"line":53,"column":92}},{"start":{"line":53,"column":95},"end":{"line":53,"column":108}}],"line":53},"4":{"loc":{"start":{"line":63,"column":13},"end":{"line":63,"column":243}},"type":"binary-expr","locations":[{"start":{"line":63,"column":13},"end":{"line":63,"column":23}},{"start":{"line":63,"column":27},"end":{"line":63,"column":243}}],"line":63},"5":{"loc":{"start":{"line":65,"column":13},"end":{"line":65,"column":219}},"type":"binary-expr","locations":[{"start":{"line":65,"column":13},"end":{"line":65,"column":24}},{"start":{"line":65,"column":28},"end":{"line":65,"column":219}}],"line":65}},"s":{"0":1,"1":1,"2":10,"3":2,"4":8,"5":0,"6":8,"7":1},"f":{"0":10,"1":0},"b":{"0":[2,8],"1":[1,7],"2":[1,7],"3":[8,0],"4":[8,1],"5":[8,8]},"_coverageSchema":"1a1c01bbd47fc00a2c39e90264f33305004495a9","hash":"1c4aca4723b64e6d2ee851f65521c240aa7694f6"}
,"C:\\Users\\usuario\\Desktop\\freelafinder\\src\\components\\TagText\\index.tsx": {"path":"C:\\Users\\usuario\\Desktop\\freelafinder\\src\\components\\TagText\\index.tsx","statementMap":{"0":{"start":{"line":11,"column":41},"end":{"line":21,"column":1}},"1":{"start":{"line":12,"column":4},"end":{"line":12,"column":26}},"2":{"start":{"line":12,"column":14},"end":{"line":12,"column":26}},"3":{"start":{"line":13,"column":4},"end":{"line":20,"column":11}}},"fnMap":{"0":{"name":"(anonymous_0)","decl":{"start":{"line":11,"column":41},"end":{"line":11,"column":42}},"loc":{"start":{"line":11,"column":100},"end":{"line":21,"column":1}},"line":11}},"branchMap":{"0":{"loc":{"start":{"line":12,"column":4},"end":{"line":12,"column":26}},"type":"if","locations":[{"start":{"line":12,"column":4},"end":{"line":12,"column":26}},{"start":{},"end":{}}],"line":12}},"s":{"0":1,"1":4,"2":1,"3":3},"f":{"0":4},"b":{"0":[1,3]},"_coverageSchema":"1a1c01bbd47fc00a2c39e90264f33305004495a9","hash":"fe87096c963f29554c9e4cf95c1c9a90afaa4418"}
,"C:\\Users\\usuario\\Desktop\\freelafinder\\src\\components\\Text\\index.tsx": {"path":"C:\\Users\\usuario\\Desktop\\freelafinder\\src\\components\\Text\\index.tsx","statementMap":{"0":{"start":{"line":17,"column":41},"end":{"line":52,"column":1}},"1":{"start":{"line":19,"column":24},"end":{"line":42,"column":5}},"2":{"start":{"line":20,"column":8},"end":{"line":41,"column":9}},"3":{"start":{"line":22,"column":16},"end":{"line":22,"column":38}},"4":{"start":{"line":24,"column":16},"end":{"line":24,"column":38}},"5":{"start":{"line":26,"column":16},"end":{"line":26,"column":46}},"6":{"start":{"line":28,"column":16},"end":{"line":28,"column":44}},"7":{"start":{"line":30,"column":16},"end":{"line":30,"column":45}},"8":{"start":{"line":32,"column":16},"end":{"line":32,"column":38}},"9":{"start":{"line":34,"column":16},"end":{"line":34,"column":46}},"10":{"start":{"line":36,"column":16},"end":{"line":36,"column":44}},"11":{"start":{"line":38,"column":16},"end":{"line":38,"column":38}},"12":{"start":{"line":40,"column":16},"end":{"line":40,"column":38}},"13":{"start":{"line":44,"column":4},"end":{"line":51,"column":23}}},"fnMap":{"0":{"name":"(anonymous_0)","decl":{"start":{"line":17,"column":41},"end":{"line":17,"column":42}},"loc":{"start":{"line":17,"column":124},"end":{"line":52,"column":1}},"line":17},"1":{"name":"(anonymous_1)","decl":{"start":{"line":19,"column":24},"end":{"line":19,"column":25}},"loc":{"start":{"line":19,"column":93},"end":{"line":42,"column":5}},"line":19}},"branchMap":{"0":{"loc":{"start":{"line":17,"column":54},"end":{"line":17,"column":69}},"type":"default-arg","locations":[{"start":{"line":17,"column":62},"end":{"line":17,"column":69}}],"line":17},"1":{"loc":{"start":{"line":17,"column":71},"end":{"line":17,"column":86}},"type":"default-arg","locations":[{"start":{"line":17,"column":82},"end":{"line":17,"column":86}}],"line":17},"2":{"loc":{"start":{"line":20,"column":8},"end":{"line":41,"column":9}},"type":"switch","locations":[{"start":{"line":21,"column":12},"end":{"line":22,"column":38}},{"start":{"line":23,"column":12},"end":{"line":24,"column":38}},{"start":{"line":25,"column":12},"end":{"line":26,"column":46}},{"start":{"line":27,"column":12},"end":{"line":28,"column":44}},{"start":{"line":29,"column":12},"end":{"line":30,"column":45}},{"start":{"line":31,"column":12},"end":{"line":32,"column":38}},{"start":{"line":33,"column":12},"end":{"line":34,"column":46}},{"start":{"line":35,"column":12},"end":{"line":36,"column":44}},{"start":{"line":37,"column":12},"end":{"line":38,"column":38}},{"start":{"line":39,"column":12},"end":{"line":40,"column":38}}],"line":20}},"s":{"0":3,"1":59,"2":59,"3":1,"4":1,"5":1,"6":1,"7":0,"8":17,"9":0,"10":3,"11":34,"12":1,"13":59},"f":{"0":59,"1":59},"b":{"0":[59],"1":[0],"2":[1,1,1,1,0,17,0,3,34,1]},"_coverageSchema":"1a1c01bbd47fc00a2c39e90264f33305004495a9","hash":"d31246dff7694e2f0f5005501df1549fc57b557e"}
,"C:\\Users\\usuario\\Desktop\\freelafinder\\src\\constants\\MockData\\index.ts": {"path":"C:\\Users\\usuario\\Desktop\\freelafinder\\src\\constants\\MockData\\index.ts","statementMap":{"0":{"start":{"line":3,"column":30},"end":{"line":28,"column":1}},"1":{"start":{"line":30,"column":40},"end":{"line":94,"column":1}}},"fnMap":{},"branchMap":{},"s":{"0":1,"1":1},"f":{},"b":{},"_coverageSchema":"1a1c01bbd47fc00a2c39e90264f33305004495a9","hash":"7416b965d29d36b63ff22d8adc1cdaed81bd28ae"}
,"C:\\Users\\usuario\\Desktop\\freelafinder\\src\\constants\\colors\\index.ts": {"path":"C:\\Users\\usuario\\Desktop\\freelafinder\\src\\constants\\colors\\index.ts","statementMap":{"0":{"start":{"line":1,"column":22},"end":{"line":31,"column":1}}},"fnMap":{},"branchMap":{},"s":{"0":1},"f":{},"b":{},"_coverageSchema":"1a1c01bbd47fc00a2c39e90264f33305004495a9","hash":"3057e634ded430e53a5c27a8da89976904f34561"}
,"C:\\Users\\usuario\\Desktop\\freelafinder\\src\\constants\\topography\\index.ts": {"path":"C:\\Users\\usuario\\Desktop\\freelafinder\\src\\constants\\topography\\index.ts","statementMap":{"0":{"start":{"line":1,"column":20},"end":{"line":50,"column":1}}},"fnMap":{},"branchMap":{},"s":{"0":3},"f":{},"b":{},"_coverageSchema":"1a1c01bbd47fc00a2c39e90264f33305004495a9","hash":"9e5f79e2f9ad2cf90f385107c8ead597970b0e4b"}
,"C:\\Users\\usuario\\Desktop\\freelafinder\\src\\navigations\\NavigationRef.tsx": {"path":"C:\\Users\\usuario\\Desktop\\freelafinder\\src\\navigations\\NavigationRef.tsx","statementMap":{"0":{"start":{"line":9,"column":29},"end":{"line":9,"column":83}},"1":{"start":{"line":13,"column":4},"end":{"line":15,"column":5}},"2":{"start":{"line":14,"column":8},"end":{"line":14,"column":45}},"3":{"start":{"line":19,"column":4},"end":{"line":21,"column":5}},"4":{"start":{"line":20,"column":6},"end":{"line":20,"column":57}}},"fnMap":{"0":{"name":"navigate","decl":{"start":{"line":12,"column":16},"end":{"line":12,"column":24}},"loc":{"start":{"line":12,"column":47},"end":{"line":16,"column":1}},"line":12},"1":{"name":"push","decl":{"start":{"line":18,"column":16},"end":{"line":18,"column":20}},"loc":{"start":{"line":18,"column":35},"end":{"line":22,"column":3}},"line":18}},"branchMap":{"0":{"loc":{"start":{"line":13,"column":4},"end":{"line":15,"column":5}},"type":"if","locations":[{"start":{"line":13,"column":4},"end":{"line":15,"column":5}},{"start":{},"end":{}}],"line":13},"1":{"loc":{"start":{"line":19,"column":4},"end":{"line":21,"column":5}},"type":"if","locations":[{"start":{"line":19,"column":4},"end":{"line":21,"column":5}},{"start":{},"end":{}}],"line":19}},"s":{"0":1,"1":0,"2":0,"3":0,"4":0},"f":{"0":0,"1":0},"b":{"0":[0,0],"1":[0,0]},"_coverageSchema":"1a1c01bbd47fc00a2c39e90264f33305004495a9","hash":"5bf458e03a4abedcce2738cc5533b6b08b126ebe"}
}
