TN:
SF:src\components\JobCard\index.tsx
FN:35,(anonymous_0)
FN:41,(anonymous_1)
FNF:2
FNH:1
FNDA:10,(anonymous_0)
FNDA:0,(anonymous_1)
DA:11,1
DA:35,1
DA:39,10
DA:41,8
DA:42,0
DA:48,8
DA:81,1
LF:7
LH:6
BRDA:39,0,0,2
BRDA:39,0,1,8
BRDA:48,1,0,1
BRDA:48,1,1,7
BRDA:48,2,0,1
BRDA:48,2,1,7
BRDA:53,3,0,8
BRDA:53,3,1,0
BRDA:63,4,0,8
BRDA:63,4,1,1
BRDA:65,5,0,8
BRDA:65,5,1,8
BRF:12
BRH:11
end_of_record
TN:
SF:src\components\TagText\index.tsx
FN:11,(anonymous_0)
FNF:1
FNH:1
FNDA:4,(anonymous_0)
DA:11,1
DA:12,4
DA:13,3
LF:3
LH:3
BRDA:12,0,0,1
BRDA:12,0,1,3
BRF:2
BRH:2
end_of_record
TN:
SF:src\components\Text\index.tsx
FN:17,(anonymous_0)
FN:19,(anonymous_1)
FNF:2
FNH:2
FNDA:59,(anonymous_0)
FNDA:59,(anonymous_1)
DA:17,3
DA:19,59
DA:20,59
DA:22,1
DA:24,1
DA:26,1
DA:28,1
DA:30,0
DA:32,17
DA:34,0
DA:36,3
DA:38,34
DA:40,1
DA:44,59
LF:14
LH:12
BRDA:17,0,0,59
BRDA:17,1,0,0
BRDA:20,2,0,1
BRDA:20,2,1,1
BRDA:20,2,2,1
BRDA:20,2,3,1
BRDA:20,2,4,0
BRDA:20,2,5,17
BRDA:20,2,6,0
BRDA:20,2,7,3
BRDA:20,2,8,34
BRDA:20,2,9,1
BRF:12
BRH:9
end_of_record
TN:
SF:src\constants\MockData\index.ts
FNF:0
FNH:0
DA:3,1
DA:30,1
LF:2
LH:2
BRF:0
BRH:0
end_of_record
TN:
SF:src\constants\colors\index.ts
FNF:0
FNH:0
DA:1,1
LF:1
LH:1
BRF:0
BRH:0
end_of_record
TN:
SF:src\constants\topography\index.ts
FNF:0
FNH:0
DA:1,3
LF:1
LH:1
BRF:0
BRH:0
end_of_record
TN:
SF:src\navigations\NavigationRef.tsx
FN:12,navigate
FN:18,push
FNF:2
FNH:0
FNDA:0,navigate
FNDA:0,push
DA:9,1
DA:13,0
DA:14,0
DA:19,0
DA:20,0
LF:5
LH:1
BRDA:13,0,0,0
BRDA:13,0,1,0
BRDA:19,1,0,0
BRDA:19,1,1,0
BRF:4
BRH:0
end_of_record
